2010.03.04 19:31 B D:\PROGRAMACION WEB\JAVA\NETBEANS\PROJECTS\ZTOOLS\web\css\zcommon.css --> ftp.laboraldetarragona.com /comunes/css zcommon.css
2010.03.04 19:31 B D:\PROGRAMACION WEB\JAVA\NETBEANS\PROJECTS\ZTOOLS\web\css\zor_menus.css --> ftp.laboraldetarragona.com /comunes/css zor_menus.css
2010.03.04 19:35 B D:\PROGRAMACION WEB\JAVA\NETBEANS\PROJECTS\ZTOOLS\web\css\zmenus.css --> ftp.laboraldetarragona.com /comunes/css zmenus.css
2010.03.04 19:38 B D:\PROGRAMACION WEB\JAVA\NETBEANS\PROJECTS\ZTOOLS\web\css\ult_menus.css --> ftp.laboraldetarragona.com /comunes/css ult_menus.css
2010.03.04 19:38 B D:\PROGRAMACION WEB\JAVA\NETBEANS\PROJECTS\ZTOOLS\web\css\zmenus.css --> ftp.laboraldetarragona.com /comunes/css zmenus.css
2010.03.04 20:58 B D:\PROGRAMACION WEB\JAVA\NETBEANS\PROJECTS\ZTOOLS\web\css\ult_menus.css --> ftp.laboraldetarragona.com /comunes/css ult_menus.css
2010.03.04 20:59 B D:\PROGRAMACION WEB\JAVA\NETBEANS\PROJECTS\ZTOOLS\web\css\ult_menus.css --> ftp.laboraldetarragona.com /comunes/css ult_menus.css
2010.03.04 21:22 B D:\PROGRAMACION WEB\JAVA\NETBEANS\PROJECTS\ZTOOLS\web\css\ult_styles.css --> ftp.laboraldetarragona.com /comunes/css ult_styles.css
2010.03.06 19:42 B D:\PROGRAMACION WEB\JAVA\NETBEANS\PROJECTS\ZTOOLS\web\css\ult_styles.css --> ftp.laboraldetarragona.com /comunes/css ult_styles.css
2010.03.06 19:50 B D:\PROGRAMACION WEB\JAVA\NETBEANS\PROJECTS\ZTOOLS\web\css\ult_styles.css --> ftp.laboraldetarragona.com /comunes/css ult_styles.css
2010.03.06 19:51 B D:\PROGRAMACION WEB\JAVA\NETBEANS\PROJECTS\ZTOOLS\web\css\ult_styles.css --> ftp.laboraldetarragona.com /comunes/css ult_styles.css
2010.07.30 17:12 B D:\WebsJava\CPUZ\web\WEB-INF\config\css\cpuz_menus.css --> ftp.laboraldetarragona.com /comunes/css cpuz_menus.css
2010.07.30 17:12 B D:\WebsJava\CPUZ\web\WEB-INF\config\css\cpuz_styles.css --> ftp.laboraldetarragona.com /comunes/css cpuz_styles.css
2010.07.30 17:37 B D:\WebsJava\CPUZ\web\WEB-INF\config\css\cpuz_styles.css --> ftp.laboraldetarragona.com /comunes/css cpuz_styles.css
2010.07.30 17:40 B D:\WebsJava\CPUZ\web\WEB-INF\config\css\cpuz_styles.css --> ftp.laboraldetarragona.com /comunes/css cpuz_styles.css
2010.07.30 17:42 B D:\WebsJava\CPUZ\web\WEB-INF\config\css\cpuz_styles.css --> ftp.laboraldetarragona.com /comunes/css cpuz_styles.css
2010.07.30 17:52 B D:\WebsJava\CPUZ\web\WEB-INF\config\css\cpuz_styles.css --> ftp.laboraldetarragona.com /comunes/css cpuz_styles.css
2010.07.30 18:16 B D:\WebsJava\CPUZ\web\WEB-INF\config\css\cpuz_styles.css --> ftp.laboraldetarragona.com /comunes/css cpuz_styles.css
2010.07.30 18:37 B D:\WebsJava\CPUZ\web\WEB-INF\config\css\cpuz_styles.css --> ftp.laboraldetarragona.com /comunes/css cpuz_styles.css
2010.07.30 18:38 B D:\WebsJava\CPUZ\web\WEB-INF\config\css\cpuz_styles.css --> ftp.laboraldetarragona.com /comunes/css cpuz_styles.css
2010.07.30 18:42 B D:\WebsJava\CPUZ\web\WEB-INF\config\css\cpuz_styles.css --> ftp.laboraldetarragona.com /comunes/css cpuz_styles.css
2010.07.30 18:45 B D:\WebsJava\CPUZ\web\WEB-INF\config\css\cpuz_styles.css --> ftp.laboraldetarragona.com /comunes/css cpuz_styles.css
2010.07.30 19:05 B D:\WebsJava\CPUZ\web\WEB-INF\config\css\cpuz_menus.css --> ftp.laboraldetarragona.com /comunes/css cpuz_menus.css
2010.07.31 17:22 B D:\WebsJava\CPUZ\web\WEB-INF\config\css\cpuz_menus.css --> ftp.laboraldetarragona.com /comunes/css cpuz_menus.css
2010.07.31 17:30 B D:\WebsJava\CPUZ\web\WEB-INF\config\css\cpuz_menus.css --> ftp.laboraldetarragona.com /comunes/css cpuz_menus.css
2010.07.31 17:37 B D:\WebsJava\CPUZ\web\WEB-INF\config\css\cpuz_menus.css --> ftp.laboraldetarragona.com /comunes/css cpuz_menus.css
2010.07.31 17:42 B D:\WebsJava\CPUZ\web\WEB-INF\config\css\cpuz_menus.css --> ftp.laboraldetarragona.com /comunes/css cpuz_menus.css
2010.07.31 20:02 B D:\WebsJava\CPUZ\web\WEB-INF\config\css\cpuz_menus.css --> ftp.laboraldetarragona.com /comunes/css cpuz_menus.css
2010.07.31 20:33 B D:\WebsJava\CPUZ\web\WEB-INF\config\css\cpuz_menus.css --> ftp.laboraldetarragona.com /comunes/css cpuz_menus.css
2010.07.31 20:34 B D:\WebsJava\CPUZ\web\WEB-INF\config\css\cpuz_styles.css --> ftp.laboraldetarragona.com /comunes/css cpuz_styles.css
2010.08.01 11:42 B D:\WebsJava\CPUZ\web\WEB-INF\config\css\cpuz_menus.css --> ftp.laboraldetarragona.com /comunes/css cpuz_menus.css
2010.08.01 11:51 B D:\WebsJava\CPUZ\web\WEB-INF\config\css\cpuz_menus.css --> ftp.laboraldetarragona.com /comunes/css cpuz_menus.css
2010.08.01 11:56 B D:\WebsJava\CPUZ\web\WEB-INF\config\css\cpuz_menus.css --> ftp.laboraldetarragona.com /comunes/css cpuz_menus.css
2010.08.01 11:56 B D:\WebsJava\CPUZ\web\WEB-INF\config\css\cpuz_styles.css --> ftp.laboraldetarragona.com /comunes/css cpuz_styles.css
2010.08.01 11:58 B D:\WebsJava\CPUZ\web\WEB-INF\config\css\cpuz_menus.css --> ftp.laboraldetarragona.com /comunes/css cpuz_menus.css
2010.08.01 11:58 B D:\WebsJava\CPUZ\web\WEB-INF\config\css\cpuz_styles.css --> ftp.laboraldetarragona.com /comunes/css cpuz_styles.css
2010.08.01 13:21 B D:\WebsJava\CPUZ\web\WEB-INF\config\css\cpuz_menus.css --> ftp.laboraldetarragona.com /comunes/css cpuz_menus.css
2010.08.01 13:21 B D:\WebsJava\CPUZ\web\WEB-INF\config\css\cpuz_styles.css --> ftp.laboraldetarragona.com /comunes/css cpuz_styles.css
2010.08.01 13:41 B D:\WebsJava\CPUZ\web\WEB-INF\config\css\cpuz_menus.css --> ftp.laboraldetarragona.com /comunes/css cpuz_menus.css
2010.08.01 13:41 B D:\WebsJava\CPUZ\web\WEB-INF\config\css\cpuz_styles.css --> ftp.laboraldetarragona.com /comunes/css cpuz_styles.css
2010.08.01 13:43 B D:\WebsJava\CPUZ\web\WEB-INF\config\css\cpuz_menus.css --> ftp.laboraldetarragona.com /comunes/css cpuz_menus.css
2010.08.01 13:43 B D:\WebsJava\CPUZ\web\WEB-INF\config\css\cpuz_styles.css --> ftp.laboraldetarragona.com /comunes/css cpuz_styles.css
2010.08.01 13:45 B D:\WebsJava\CPUZ\web\WEB-INF\config\css\cpuz_menus.css --> ftp.laboraldetarragona.com /comunes/css cpuz_menus.css
2010.08.01 13:45 B D:\WebsJava\CPUZ\web\WEB-INF\config\css\cpuz_styles.css --> ftp.laboraldetarragona.com /comunes/css cpuz_styles.css
2010.08.01 16:25 B D:\WebsJava\CPUZ\web\WEB-INF\config\css\cpuz_menus.css --> ftp.laboraldetarragona.com /comunes/css cpuz_menus.css
2010.08.01 16:37 B D:\WebsJava\CPUZ\web\WEB-INF\config\css\cpuz_menus.css --> ftp.laboraldetarragona.com /comunes/css cpuz_menus.css
2010.08.01 16:55 B D:\WebsJava\CPUZ\web\WEB-INF\config\css\cpuz_menus.css --> ftp.laboraldetarragona.com /comunes/css cpuz_menus.css
2010.08.01 16:57 B D:\WebsJava\CPUZ\web\WEB-INF\config\css\cpuz_menus.css --> ftp.laboraldetarragona.com /comunes/css cpuz_menus.css
2010.08.01 17:04 B D:\WebsJava\CPUZ\web\WEB-INF\config\css\cpuz_menus.css --> ftp.laboraldetarragona.com /comunes/css cpuz_menus.css
2010.08.01 17:38 B D:\WebsJava\CPUZ\web\WEB-INF\config\css\cpuz_menus.css --> ftp.laboraldetarragona.com /comunes/css cpuz_menus.css
2010.08.01 17:39 B D:\WebsJava\CPUZ\web\WEB-INF\config\css\cpuz_menus.css --> ftp.laboraldetarragona.com /comunes/css cpuz_menus.css
2010.08.01 21:59 B D:\WebsJava\CPUZ\web\WEB-INF\config\css\cpuz_menus.css --> ftp.laboraldetarragona.com /comunes/css cpuz_menus.css
2010.08.01 22:07 B D:\WebsJava\CPUZ\web\WEB-INF\config\css\cpuz_menus.css --> ftp.laboraldetarragona.com /comunes/css cpuz_menus.css
2010.08.01 22:11 B D:\WebsJava\CPUZ\web\WEB-INF\config\css\cpuz_menus.css --> ftp.laboraldetarragona.com /comunes/css cpuz_menus.css
2010.08.01 22:14 B D:\WebsJava\CPUZ\web\WEB-INF\config\css\cpuz_menus.css --> ftp.laboraldetarragona.com /comunes/css cpuz_menus.css
2010.08.01 22:16 B D:\WebsJava\CPUZ\web\WEB-INF\config\css\cpuz_menus.css --> ftp.laboraldetarragona.com /comunes/css cpuz_menus.css
2010.08.01 22:19 B D:\WebsJava\CPUZ\web\WEB-INF\config\css\cpuz_menus.css --> ftp.laboraldetarragona.com /comunes/css cpuz_menus.css
2010.08.02 12:56 B D:\WebsJava\CPUZ\web\WEB-INF\config\css\cpuz_menus.css --> ftp.laboraldetarragona.com /comunes/css cpuz_menus.css
2010.08.02 12:57 B D:\WebsJava\CPUZ\web\WEB-INF\config\css\cpuz_menus.css --> ftp.laboraldetarragona.com /comunes/css cpuz_menus.css
2010.08.02 13:19 B D:\WebsJava\CPUZ\web\WEB-INF\config\css\cpuz_menus.css --> ftp.laboraldetarragona.com /comunes/css cpuz_menus.css
2010.08.02 13:20 B D:\WebsJava\CPUZ\web\WEB-INF\config\css\cpuz_menus.css --> ftp.laboraldetarragona.com /comunes/css cpuz_menus.css
2010.08.02 13:27 B D:\WebsJava\CPUZ\web\WEB-INF\config\css\cpuz_menus.css --> ftp.laboraldetarragona.com /comunes/css cpuz_menus.css
2010.08.02 18:07 B D:\WebsJava\CPUZ\web\WEB-INF\config\css\cpuz_menus.css --> ftp.laboraldetarragona.com /comunes/css cpuz_menus.css
2010.08.02 18:10 B D:\WebsJava\CPUZ\web\WEB-INF\config\css\cpuz_menus.css --> ftp.laboraldetarragona.com /comunes/css cpuz_menus.css
2010.08.02 22:20 B D:\WebsJava\CPUZ\web\WEB-INF\config\css\cpuz_menus.css --> ftp.laboraldetarragona.com /comunes/css cpuz_menus.css
2010.08.02 22:21 B D:\WebsJava\CPUZ\web\WEB-INF\config\css\cpuz_menus.css --> ftp.laboraldetarragona.com /comunes/css cpuz_menus.css
2010.08.02 23:17 B D:\WebsJava\CPUZ\web\WEB-INF\config\css\cpuz_menus.css --> ftp.laboraldetarragona.com /comunes/css cpuz_menus.css
2010.08.02 23:20 B D:\WebsJava\CPUZ\web\WEB-INF\config\css\cpuz_menus.css --> ftp.laboraldetarragona.com /comunes/css cpuz_menus.css
2010.08.02 23:21 B D:\WebsJava\CPUZ\web\WEB-INF\config\css\cpuz_menus.css --> ftp.laboraldetarragona.com /comunes/css cpuz_menus.css
2010.08.03 19:13 B D:\WebsJava\CPUZ\web\WEB-INF\config\css\cpuz_styles.css --> ftp.laboraldetarragona.com /comunes/css cpuz_styles.css
2010.08.03 21:48 B D:\WebsJava\CPUZ\web\WEB-INF\config\css\cpuz_styles.css --> ftp.laboraldetarragona.com /comunes/css cpuz_styles.css
2010.08.05 12:47 B D:\WebsJava\CPUZ\web\WEB-INF\config\css\cpuz_styles.css --> ftp.laboraldetarragona.com /comunes/css cpuz_styles.css
2010.08.05 12:48 B D:\WebsJava\CPUZ\web\WEB-INF\config\css\cpuz_styles.css --> ftp.laboraldetarragona.com /comunes/css cpuz_styles.css
2010.08.05 14:33 B D:\WebsJava\CPUZ\web\WEB-INF\config\css\cpuz_menus.css --> ftp.laboraldetarragona.com /comunes/css cpuz_menus.css
2010.08.05 14:33 B D:\WebsJava\CPUZ\web\WEB-INF\config\css\cpuz_styles.css --> ftp.laboraldetarragona.com /comunes/css cpuz_styles.css
2010.08.05 14:35 B D:\WebsJava\CPUZ\web\WEB-INF\config\css\cpuz_menus.css --> ftp.laboraldetarragona.com /comunes/css cpuz_menus.css
2010.08.05 14:35 B D:\WebsJava\CPUZ\web\WEB-INF\config\css\cpuz_styles.css --> ftp.laboraldetarragona.com /comunes/css cpuz_styles.css
2010.08.05 14:37 B D:\WebsJava\CPUZ\web\WEB-INF\config\css\cpuz_styles.css --> ftp.laboraldetarragona.com /comunes/css cpuz_styles.css
2010.08.05 14:39 B D:\WebsJava\CPUZ\web\WEB-INF\config\css\cpuz_styles.css --> ftp.laboraldetarragona.com /comunes/css cpuz_styles.css
2010.08.05 14:42 B D:\WebsJava\CPUZ\web\WEB-INF\config\css\cpuz_styles.css --> ftp.laboraldetarragona.com /comunes/css cpuz_styles.css
2010.08.05 14:42 B D:\WebsJava\CPUZ\web\WEB-INF\config\css\cpuz_styles.css --> ftp.laboraldetarragona.com /comunes/css cpuz_styles.css
2010.08.05 14:43 B D:\WebsJava\CPUZ\web\WEB-INF\config\css\cpuz_styles.css --> ftp.laboraldetarragona.com /comunes/css cpuz_styles.css
2010.08.05 14:47 B D:\WebsJava\CPUZ\web\WEB-INF\config\css\cpuz_styles.css --> ftp.laboraldetarragona.com /comunes/css cpuz_styles.css
2010.08.05 14:53 B D:\WebsJava\CPUZ\web\WEB-INF\config\css\cpuz_styles.css --> ftp.laboraldetarragona.com /comunes/css cpuz_styles.css
2010.08.05 14:59 B D:\WebsJava\CPUZ\web\WEB-INF\config\css\cpuz_styles.css --> ftp.laboraldetarragona.com /comunes/css cpuz_styles.css
2010.08.20 16:39 B D:\WebsJava\CPUZ\web\WEB-INF\config\css\cpuz_styles.css --> ftp.laboraldetarragona.com /comunes/css cpuz_styles.css
2010.08.20 16:42 B D:\WebsJava\CPUZ\web\WEB-INF\config\css\cpuz_styles.css --> ftp.laboraldetarragona.com /comunes/css cpuz_styles.css
2010.08.20 16:47 B D:\WebsJava\CPUZ\web\WEB-INF\config\css\cpuz_styles.css --> ftp.laboraldetarragona.com /comunes/css cpuz_styles.css
2010.08.20 17:25 B D:\WebsJava\CPUZ\web\WEB-INF\config\css\cpuz_styles.css --> ftp.laboraldetarragona.com /comunes/css cpuz_styles.css
2010.08.20 17:58 B D:\WebsJava\CPUZ\web\WEB-INF\config\css\cpuz_styles.css --> ftp.laboraldetarragona.com /comunes/css cpuz_styles.css
2010.08.20 18:03 B D:\WebsJava\CPUZ\web\WEB-INF\config\css\cpuz_styles.css --> ftp.laboraldetarragona.com /comunes/css cpuz_styles.css
2010.08.20 18:11 B D:\WebsJava\CPUZ\web\WEB-INF\config\css\cpuz_styles.css --> ftp.laboraldetarragona.com /comunes/css cpuz_styles.css
2010.08.20 18:12 B D:\WebsJava\CPUZ\web\WEB-INF\config\css\cpuz_styles.css --> ftp.laboraldetarragona.com /comunes/css cpuz_styles.css
2010.08.20 18:14 B D:\WebsJava\CPUZ\web\WEB-INF\config\css\cpuz_styles.css --> ftp.laboraldetarragona.com /comunes/css cpuz_styles.css
2010.08.20 18:14 B D:\WebsJava\CPUZ\web\WEB-INF\config\css\cpuz_styles.css --> ftp.laboraldetarragona.com /comunes/css cpuz_styles.css
2010.08.20 18:15 B D:\WebsJava\CPUZ\web\WEB-INF\config\css\cpuz_styles.css --> ftp.laboraldetarragona.com /comunes/css cpuz_styles.css
2010.08.20 22:14 B D:\WebsJava\CPUZ\web\WEB-INF\config\css\cpuz_styles.css --> ftp.laboraldetarragona.com /comunes/css cpuz_styles.css
2010.08.24 18:23 B D:\WebsJava\CPUZ\web\WEB-INF\config\css\cpuz_styles.css --> ftp.laboraldetarragona.com /comunes/css cpuz_styles.css
2010.08.24 18:26 B D:\WebsJava\CPUZ\web\WEB-INF\config\css\cpuz_styles.css --> ftp.laboraldetarragona.com /comunes/css cpuz_styles.css
2010.08.24 18:27 B D:\WebsJava\CPUZ\web\WEB-INF\config\css\cpuz_styles.css --> ftp.laboraldetarragona.com /comunes/css cpuz_styles.css
2010.08.24 18:29 B D:\WebsJava\CPUZ\web\WEB-INF\config\css\cpuz_styles.css --> ftp.laboraldetarragona.com /comunes/css cpuz_styles.css
2010.08.24 18:30 B D:\WebsJava\CPUZ\web\WEB-INF\config\css\cpuz_styles.css --> ftp.laboraldetarragona.com /comunes/css cpuz_styles.css
2010.08.25 17:49 B D:\WebsJava\CPUZ\web\WEB-INF\config\css\cpuz_styles.css --> ftp.laboraldetarragona.com /comunes/css cpuz_styles.css
2010.08.25 18:57 B D:\WebsJava\CPUZ\web\WEB-INF\config\css\cpuz_styles.css --> ftp.laboraldetarragona.com /comunes/css cpuz_styles.css
2010.08.25 19:02 B D:\WebsJava\CPUZ\web\WEB-INF\config\css\cpuz_styles.css --> ftp.laboraldetarragona.com /comunes/css cpuz_styles.css
2010.08.25 19:05 B D:\WebsJava\CPUZ\web\WEB-INF\config\css\cpuz_styles.css --> ftp.laboraldetarragona.com /comunes/css cpuz_styles.css
2010.08.25 19:22 B D:\WebsJava\CPUZ\web\WEB-INF\config\css\cpuz_styles.css --> ftp.laboraldetarragona.com /comunes/css cpuz_styles.css
2010.08.25 19:22 B D:\WebsJava\CPUZ\web\WEB-INF\config\css\cpuz_styles.css --> ftp.laboraldetarragona.com /comunes/css cpuz_styles.css
2010.08.25 19:23 B D:\WebsJava\CPUZ\web\WEB-INF\config\css\cpuz_styles.css --> ftp.laboraldetarragona.com /comunes/css cpuz_styles.css
2010.08.26 16:03 B D:\WebsJava\CPUZ\web\WEB-INF\config\css\cpuz_styles.css --> ftp.laboraldetarragona.com /comunes/css cpuz_styles.css
2010.09.08 01:02 B D:\WebsJava\CPUZ\web\WEB-INF\config\css\cpuz_styles.css --> ftp.laboraldetarragona.com /comunes/css cpuz_styles.css
2010.09.08 01:03 B D:\WebsJava\CPUZ\web\WEB-INF\config\css\cpuz_styles.css --> ftp.laboraldetarragona.com /comunes/css cpuz_styles.css
2010.09.08 13:55 B D:\WebsJava\CPUZ\web\WEB-INF\config\css\cpuz_styles.css --> ftp.laboraldetarragona.com /comunes/css cpuz_styles.css
2010.09.08 21:16 B D:\WebsJava\CPUZ\web\WEB-INF\config\css\cpuz_styles.css --> ftp.laboraldetarragona.com /comunes/css cpuz_styles.css
2010.09.08 21:19 B D:\WebsJava\CPUZ\web\WEB-INF\config\css\cpuz_styles.css --> ftp.laboraldetarragona.com /comunes/css cpuz_styles.css
2010.09.08 21:25 B D:\WebsJava\CPUZ\web\WEB-INF\config\css\cpuz_styles.css --> ftp.laboraldetarragona.com /comunes/css cpuz_styles.css
2010.09.08 21:26 B D:\WebsJava\CPUZ\web\WEB-INF\config\css\cpuz_styles.css --> ftp.laboraldetarragona.com /comunes/css cpuz_styles.css
2010.09.08 22:14 B D:\WebsJava\CPUZ\web\WEB-INF\config\css\cpuz_styles.css --> ftp.laboraldetarragona.com /comunes/css cpuz_styles.css
2010.09.11 22:02 B D:\WebsJava\CPUZ\web\WEB-INF\config\css\cpuz_styles.css --> ftp.laboraldetarragona.com /comunes cpuz_styles.css
2010.09.11 22:19 B D:\WebsJava\CPUZ\web\WEB-INF\config\css\cpuz_styles.css --> ftp.laboraldetarragona.com /comunes/css cpuz_styles.css
2010.09.11 22:30 B D:\WebsJava\CPUZ\web\WEB-INF\config\css\cpuz_styles.css --> ftp.laboraldetarragona.com /comunes/css cpuz_styles.css
2010.09.11 22:31 B D:\WebsJava\CPUZ\web\WEB-INF\config\css\cpuz_styles.css --> ftp.laboraldetarragona.com /comunes/css cpuz_styles.css
2011.01.15 20:15 B D:\WebsJava\CPUZ\web\WEB-INF\config\css\cpuz_styles.css --> ftp.laboraldetarragona.com /comunes/css cpuz_styles.css
2011.01.15 21:07 B D:\WebsJava\CPUZ\web\WEB-INF\config\css\cpuz_styles.css --> ftp.laboraldetarragona.com /comunes/css cpuz_styles.css
2011.01.15 21:14 B D:\WebsJava\CPUZ\web\WEB-INF\config\css\cpuz_styles.css --> ftp.laboraldetarragona.com /comunes/css cpuz_styles.css
2011.01.15 21:19 B D:\WebsJava\CPUZ\web\WEB-INF\config\css\cpuz_styles.css --> ftp.laboraldetarragona.com /comunes/css cpuz_styles.css
2011.01.15 22:26 B D:\WebsJava\CPUZ\web\WEB-INF\config\css\cpuz_styles.css --> ftp.laboraldetarragona.com /comunes/css cpuz_styles.css
2011.01.26 21:16 B D:\WebsJava\CPUZ\web\WEB-INF\config\css\cpuz_styles.css --> ftp.laboraldetarragona.com /comunes/css cpuz_styles.css
2011.01.26 21:27 B D:\WebsJava\CPUZ\web\WEB-INF\config\css\cpuz_styles.css --> ftp.laboraldetarragona.com /comunes/css cpuz_styles.css
2011.01.26 21:29 B D:\WebsJava\CPUZ\web\WEB-INF\config\css\cpuz_styles.css --> ftp.laboraldetarragona.com /comunes/css cpuz_styles.css
2012.04.11 20:44 B D:\WebsJava\CPUZ\web\WEB-INF\config\css\cpuz_styles.css --> ftp.laboraldetarragona.com /comunes/css cpuz_styles.css
2012.04.11 21:49 B D:\WebsJava\CPUZ\web\WEB-INF\config\css\cpuz_styles.css --> ftp.laboraldetarragona.com /comunes/css cpuz_styles.css
2012.04.11 21:51 B D:\WebsJava\CPUZ\web\WEB-INF\config\css\cpuz_styles.css --> ftp.laboraldetarragona.com /comunes/css cpuz_styles.css
2012.04.21 09:01 B D:\WebsJava\CPUZ\web\WEB-INF\config\css\cpuz_styles.css --> ftp.laboraldetarragona.com /comunes/css cpuz_styles.css
2012.04.21 19:28 B D:\WebsJava\CPUZ\web\WEB-INF\css\cpuz_styles.css --> ftp.laboraldetarragona.com /comunes/css cpuz_styles.css
2012.04.21 19:28 B D:\WebsJava\CPUZ\web\WEB-INF\css\my_layout.css --> ftp.laboraldetarragona.com /comunes/css my_layout.css
2012.04.21 23:04 B D:\WebsJava\CPUZ\web\WEB-INF\css\cpuz_menus.css --> ftp.laboraldetarragona.com /comunes/css cpuz_menus.css
2012.04.21 23:04 B D:\WebsJava\CPUZ\web\WEB-INF\css\WS_FTP.LOG --> ftp.laboraldetarragona.com /comunes/css WS_FTP.LOG
2012.04.23 22:04 B D:\WebsJava\CPUZ\web\WEB-INF\css\cpuz_styles.css --> ftp.laboraldetarragona.com /comunes/css cpuz_styles.css
2012.04.23 22:05 B D:\WebsJava\CPUZ\web\WEB-INF\css\cpuz_styles.css --> ftp.laboraldetarragona.com /comunes/css cpuz_styles.css
2012.04.23 22:25 B D:\WebsJava\CPUZ\web\WEB-INF\css\cpuz_styles.css --> ftp.laboraldetarragona.com /comunes/css cpuz_styles.css
2012.04.24 23:05 B D:\WebsJava\CPUZ\web\WEB-INF\css\cpuz_styles.css --> ftp.laboraldetarragona.com /comunes/css cpuz_styles.css
2012.04.24 23:16 B D:\WebsJava\CPUZ\web\WEB-INF\css\cpuz_styles.css --> ftp.laboraldetarragona.com /comunes/css cpuz_styles.css
2012.05.01 23:38 B D:\WebsJava\CPUZ\web\WEB-INF\css\cpuz_styles.css --> ftp.laboraldetarragona.com /comunes/css cpuz_styles.css
2012.05.01 23:43 B D:\WebsJava\CPUZ\web\WEB-INF\css\cpuz_styles.css --> ftp.laboraldetarragona.com /comunes/css cpuz_styles.css
2012.05.01 23:48 B D:\WebsJava\CPUZ\web\WEB-INF\css\cpuz_styles.css --> ftp.laboraldetarragona.com /comunes/css cpuz_styles.css
2012.05.01 23:49 B D:\WebsJava\CPUZ\web\WEB-INF\css\cpuz_styles.css --> ftp.laboraldetarragona.com /comunes/css cpuz_styles.css
2012.05.01 23:52 B D:\WebsJava\CPUZ\web\WEB-INF\css\cpuz_styles.css --> ftp.laboraldetarragona.com /comunes/css cpuz_styles.css
2012.05.01 23:53 B D:\WebsJava\CPUZ\web\WEB-INF\css\cpuz_styles.css --> ftp.laboraldetarragona.com /comunes/css cpuz_styles.css
2012.05.01 23:55 B D:\WebsJava\CPUZ\web\WEB-INF\css\cpuz_styles.css --> ftp.laboraldetarragona.com /comunes/css cpuz_styles.css
2012.05.01 23:56 B D:\WebsJava\CPUZ\web\WEB-INF\css\cpuz_styles.css --> ftp.laboraldetarragona.com /comunes/css cpuz_styles.css
